#
# There is insufficient memory for the Java Runtime Environment to continue.
# Native memory allocation (mmap) failed to map 268435456 bytes for Failed to commit area from 0x0000000700e00000 to 0x0000000710e00000 of length 268435456.
# Possible reasons:
#   The system is out of physical RAM or swap space
#   The process is running with CompressedOops enabled, and the Java Heap may be blocking the growth of the native heap
# Possible solutions:
#   Reduce memory load on the system
#   Increase physical memory or swap space
#   Check if swap backing store is full
#   Decrease Java heap size (-Xmx/-Xms)
#   Decrease number of Java threads
#   Decrease Java thread stack sizes (-Xss)
#   Set larger code cache with -XX:ReservedCodeCacheSize=
# This output file may be truncated or incomplete.
#
#  Out of Memory Error (t:/workspace/open/src/hotspot/os/windows/os_windows.cpp:3301), pid=17388, tid=19708
#
# JRE version:  (13.0.2+8) (build )
# Java VM: Java HotSpot(TM) 64-Bit Server VM (13.0.2+8, mixed mode, aot, sharing, tiered, compressed oops, g1 gc, windows-amd64)
# No core dump will be written. Minidumps are not enabled by default on client versions of Windows
#

---------------  S U M M A R Y ------------

Command Line: -Dfile.encoding=Cp1252 Application

Host: Intel(R) Core(TM) i5-4590 CPU @ 3.30GHz, 4 cores, 15G,  Windows 10 , 64 bit Build 18362 (10.0.18362.329)
Time: Sat Feb  1 19:37:17 2020 Eastern Standard Time elapsed time: 0 seconds (0d 0h 0m 0s)

---------------  T H R E A D  ---------------

Current thread (0x000002596287d000):  JavaThread "Unknown thread" [_thread_in_vm, id=19708, stack(0x000000c8d5a00000,0x000000c8d5b00000)]

Stack: [0x000000c8d5a00000,0x000000c8d5b00000]
Native frames: (J=compiled Java code, j=interpreted, Vv=VM code, C=native code)
V  [jvm.dll+0x624f9a]
V  [jvm.dll+0x770cfa]
V  [jvm.dll+0x7724af]
V  [jvm.dll+0x772ab3]
V  [jvm.dll+0x24bf08]
V  [jvm.dll+0x6222aa]
V  [jvm.dll+0x6170b5]
V  [jvm.dll+0x30a88c]
V  [jvm.dll+0x30a6c2]
V  [jvm.dll+0x30fe36]
V  [jvm.dll+0x353f46]
V  [jvm.dll+0x353720]
V  [jvm.dll+0x2e550a]
V  [jvm.dll+0x2e67a2]
V  [jvm.dll+0x74dd78]
V  [jvm.dll+0x361989]
V  [jvm.dll+0x730e65]
V  [jvm.dll+0x3cc53f]
V  [jvm.dll+0x3ce861]
C  [jli.dll+0x51ff]
C  [ucrtbase.dll+0x20e72]
C  [KERNEL32.DLL+0x17bd4]
C  [ntdll.dll+0x6ced1]


---------------  P R O C E S S  ---------------

Threads class SMR info:
_java_thread_list=0x00007ffbd952ccb8, length=0, elements={
}

Java Threads: ( => current thread )

Other Threads:
  0x00000259628e7800 GCTaskThread "GC Thread#0" [stack: 0x000000c8d5b00000,0x000000c8d5c00000] [id=17620]
  0x0000025962909800 ConcurrentGCThread "G1 Main Marker" [stack: 0x000000c8d5c00000,0x000000c8d5d00000] [id=15520]
  0x000002596290b000 ConcurrentGCThread "G1 Conc#0" [stack: 0x000000c8d5d00000,0x000000c8d5e00000] [id=18400]

[error occurred during error reporting (printing all threads), id 0xc0000005, EXCEPTION_ACCESS_VIOLATION (0xc0000005) at pc=0x00007ffbd8d651d7]

VM state:not at safepoint (not fully initialized)

VM Mutex/Monitor currently owned by a thread:  ([mutex/lock_event])
[0x0000025962878490] Heap_lock - owner thread: 0x000002596287d000

Heap address: 0x0000000700e00000, size: 4082 MB, Compressed Oops mode: Non-zero based: 0x0000000700e00000
Narrow klass base: 0x0000000000000000, Narrow klass shift: 0

GC Heap History (0 events):
No events

Deoptimization events (0 events):
No events

Classes unloaded (0 events):
No events

Classes redefined (0 events):
No events

Internal exceptions (0 events):
No events

Events (8 events):
Event: 0.008 Loaded shared library C:\Program Files\Java\jdk-13.0.2\bin\zip.dll
Event: 0.009 Loaded shared library C:\Program Files\Java\jdk-13.0.2\bin\jimage.dll
Event: 0.011 Loading shared library C:\Program Files\Java\jdk-13.0.2\lib\libjava.base-coop.dll failed, error code 126
Event: 0.011 Loading shared library C:\Program Files\Java\jdk-13.0.2\lib\libjava.logging-coop.dll failed, error code 126
Event: 0.011 Loading shared library C:\Program Files\Java\jdk-13.0.2\lib\libjdk.compiler-coop.dll failed, error code 126
Event: 0.011 Loading shared library C:\Program Files\Java\jdk-13.0.2\lib\libjdk.scripting.nashorn-coop.dll failed, error code 126
Event: 0.011 Loading shared library C:\Program Files\Java\jdk-13.0.2\lib\libjdk.internal.vm.ci-coop.dll failed, error code 126
Event: 0.011 Loading shared library C:\Program Files\Java\jdk-13.0.2\lib\libjdk.internal.vm.compiler-coop.dll failed, error code 126


Dynamic libraries:
0x00007ff7b18c0000 - 0x00007ff7b18cf000 	C:\Program Files\Java\jdk-13.0.2\bin\javaw.exe
0x00007ffc4e9c0000 - 0x00007ffc4ebb0000 	C:\WINDOWS\SYSTEM32\ntdll.dll
0x00007ffc4e710000 - 0x00007ffc4e7c2000 	C:\WINDOWS\System32\KERNEL32.DLL
0x00007ffc4c660000 - 0x00007ffc4c903000 	C:\WINDOWS\System32\KERNELBASE.dll
0x00007ffc4c3c0000 - 0x00007ffc4c4ba000 	C:\WINDOWS\System32\ucrtbase.dll
0x00007ffc38a30000 - 0x00007ffc38a48000 	C:\Program Files\Java\jdk-13.0.2\bin\jli.dll
0x00007ffc4dde0000 - 0x00007ffc4de83000 	C:\WINDOWS\System32\ADVAPI32.dll
0x00007ffc4d770000 - 0x00007ffc4d80e000 	C:\WINDOWS\System32\msvcrt.dll
0x00007ffc4cd90000 - 0x00007ffc4ce27000 	C:\WINDOWS\System32\sechost.dll
0x00007ffc4dc50000 - 0x00007ffc4dd70000 	C:\WINDOWS\System32\RPCRT4.dll
0x00007ffc4ca80000 - 0x00007ffc4cc14000 	C:\WINDOWS\System32\USER32.dll
0x00007ffc4c910000 - 0x00007ffc4c931000 	C:\WINDOWS\System32\win32u.dll
0x00007ffc4e6e0000 - 0x00007ffc4e706000 	C:\WINDOWS\System32\GDI32.dll
0x00007ffc4c4c0000 - 0x00007ffc4c654000 	C:\WINDOWS\System32\gdi32full.dll
0x00007ffc4ba00000 - 0x00007ffc4ba9e000 	C:\WINDOWS\System32\msvcp_win.dll
0x00007ffc38a10000 - 0x00007ffc38a25000 	C:\Program Files\Java\jdk-13.0.2\bin\VCRUNTIME140.dll
0x00007ffc34850000 - 0x00007ffc34ad5000 	C:\WINDOWS\WinSxS\amd64_microsoft.windows.common-controls_6595b64144ccf1df_6.0.18362.592_none_e6c0b1911312be02\COMCTL32.dll
0x00007ffc4d910000 - 0x00007ffc4dc46000 	C:\WINDOWS\System32\combase.dll
0x00007ffc46240000 - 0x00007ffc4624a000 	C:\WINDOWS\SYSTEM32\VERSION.dll
0x00007ffc4c940000 - 0x00007ffc4c9c0000 	C:\WINDOWS\System32\bcryptPrimitives.dll
0x00007ffc4d810000 - 0x00007ffc4d83e000 	C:\WINDOWS\System32\IMM32.DLL
0x00007ffc28290000 - 0x00007ffc2832b000 	C:\Program Files\Java\jdk-13.0.2\bin\msvcp140.dll
0x00007ffbd8a70000 - 0x00007ffbd95cd000 	C:\Program Files\Java\jdk-13.0.2\bin\server\jvm.dll
0x00007ffc4d6f0000 - 0x00007ffc4d6f8000 	C:\WINDOWS\System32\PSAPI.DLL
0x00007ffc29d40000 - 0x00007ffc29d49000 	C:\WINDOWS\SYSTEM32\WSOCK32.dll
0x00007ffc4d700000 - 0x00007ffc4d76f000 	C:\WINDOWS\System32\WS2_32.dll
0x00007ffc48890000 - 0x00007ffc488b4000 	C:\WINDOWS\SYSTEM32\WINMM.dll
0x00007ffc48860000 - 0x00007ffc4888d000 	C:\WINDOWS\SYSTEM32\WINMMBASE.dll
0x00007ffc4c9c0000 - 0x00007ffc4ca0a000 	C:\WINDOWS\System32\cfgmgr32.dll
0x00007ffc4b8a0000 - 0x00007ffc4b8b1000 	C:\WINDOWS\System32\kernel.appcore.dll
0x00007ffc46ce0000 - 0x00007ffc46cf0000 	C:\Program Files\Java\jdk-13.0.2\bin\verify.dll
0x00007ffc48260000 - 0x00007ffc48454000 	C:\WINDOWS\SYSTEM32\DBGHELP.DLL
0x00007ffc337b0000 - 0x00007ffc337da000 	C:\WINDOWS\SYSTEM32\dbgcore.DLL
0x00007ffc2dea0000 - 0x00007ffc2dec6000 	C:\Program Files\Java\jdk-13.0.2\bin\java.dll
0x00007ffc32110000 - 0x00007ffc32127000 	C:\Program Files\Java\jdk-13.0.2\bin\zip.dll
0x00007ffc3ce50000 - 0x00007ffc3ce5a000 	C:\Program Files\Java\jdk-13.0.2\bin\jimage.dll

dbghelp: loaded successfully - version: 4.0.5 - missing functions: none
symbol engine: initialized successfully - sym options: 0x614 - pdb path: .;C:\Program Files\Java\jdk-13.0.2\bin;C:\WINDOWS\SYSTEM32;C:\WINDOWS\WinSxS\amd64_microsoft.windows.common-controls_6595b64144ccf1df_6.0.18362.592_none_e6c0b1911312be02;C:\Program Files\Java\jdk-13.0.2\bin\server

VM Arguments:
jvm_args: -Dfile.encoding=Cp1252 
java_command: Application
java_class_path (initial): C:\Users\Jack Qualls\eclipse-workspace\Qualls_p1
Launcher Type: SUN_STANDARD

[Global flags]
     intx CICompilerCount                          = 3                                         {product} {ergonomic}
     uint ConcGCThreads                            = 1                                         {product} {ergonomic}
     uint G1ConcRefinementThreads                  = 4                                         {product} {ergonomic}
   size_t G1HeapRegionSize                         = 1048576                                   {product} {ergonomic}
    uintx GCDrainStackTargetSize                   = 64                                        {product} {ergonomic}
   size_t InitialHeapSize                          = 268435456                                 {product} {ergonomic}
   size_t MarkStackSize                            = 4194304                                   {product} {ergonomic}
   size_t MaxHeapSize                              = 4280287232                                {product} {ergonomic}
   size_t MinHeapDeltaBytes                        = 1048576                                   {product} {ergonomic}
   size_t MinHeapSize                              = 8388608                                   {product} {ergonomic}
    uintx NonNMethodCodeHeapSize                   = 5832780                                {pd product} {ergonomic}
    uintx NonProfiledCodeHeapSize                  = 122912730                              {pd product} {ergonomic}
    uintx ProfiledCodeHeapSize                     = 122912730                              {pd product} {ergonomic}
    uintx ReservedCodeCacheSize                    = 251658240                              {pd product} {ergonomic}
     bool SegmentedCodeCache                       = true                                      {product} {ergonomic}
   size_t SoftMaxHeapSize                          = 4280287232                             {manageable} {ergonomic}
     bool UseCompressedClassPointers               = true                                 {lp64_product} {ergonomic}
     bool UseCompressedOops                        = true                                 {lp64_product} {ergonomic}
     bool UseG1GC                                  = true                                      {product} {ergonomic}
     bool UseLargePagesIndividualAllocation        = false                                  {pd product} {ergonomic}

Logging:
Log output configuration:
 #0: stdout all=warning uptime,level,tags
 #1: stderr all=off uptime,level,tags

Environment Variables:
PATH=C:/Program Files/Java/jdk-13.0.2/bin/server;C:/Program Files/Java/jdk-13.0.2/bin;C:\Program Files\Oculus\Support\oculus-runtime;C:\ProgramData\Oracle\Java\javapath;C:\Program Files (x86)\Razer Chroma SDK\bin;C:\Program Files\Razer Chroma SDK\bin;C:\Windows\system32;C:\Windows;C:\Windows\System32\Wbem;C:\Windows\System32\WindowsPowerShell\v1.0\;C:\WINDOWS\system32;C:\WINDOWS;C:\WINDOWS\System32\Wbem;C:\WINDOWS\System32\WindowsPowerShell\v1.0\;C:\Program Files (x86)\NVIDIA Corporation\PhysX\Common;C:\Program Files (x86)\Skype\Phone\;C:\WINDOWS\System32\OpenSSH\;C:\Program Files\NVIDIA Corporation\NVIDIA NvDLISR;C:\Program Files (x86)\Windows Kits\8.1\Windows Performance Toolkit\;C:\WINDOWS\system32;C:\WINDOWS;C:\WINDOWS\System32\Wbem;C:\WINDOWS\System32\WindowsPowerShell\v1.0\;C:\WINDOWS\System32\OpenSSH\;C:\Program Files\Git\cmd;C:\Users\Jack Qualls\AppData\Local\Microsoft\WindowsApps;;C:\WINDOWS\system32;
USERNAME=Jack Qualls
OS=Windows_NT
PROCESSOR_IDENTIFIER=Intel64 Family 6 Model 60 Stepping 3, GenuineIntel



---------------  S Y S T E M  ---------------

OS: Windows 10 , 64 bit Build 18362 (10.0.18362.329)

CPU:total 4 (initial active 4) (4 cores per cpu, 1 threads per core) family 6 model 60 stepping 3, cmov, cx8, fxsr, mmx, sse, sse2, sse3, ssse3, sse4.1, sse4.2, popcnt, avx, avx2, aes, clmul, erms, lzcnt, tsc, tscinvbit, bmi1, bmi2, fma

Memory: 4k page, system-wide physical 16325M (8005M free)
TotalPageFile size 22340M (AvailPageFile size 232M)
current process WorkingSet (physical memory assigned to process): 10M, peak: 10M
current process commit charge ("private bytes"): 52M, peak: 308M

vm_info: Java HotSpot(TM) 64-Bit Server VM (13.0.2+8) for windows-amd64 JRE (13.0.2+8), built on Dec 11 2019 09:20:33 by "mach5one" with unknown MS VC++:1916

END.
